<?xml version="1.0" encoding="UTF-8"?>
<!-- Generated by org.testng.reporters.JUnitReportReporter -->
<testsuite skipped="0" hostname="DESKTOP-QS7GIU4" name="BasicTests.Launch" tests="1" failures="0" timestamp="05 Jan 2023 12:07:17 GMT" time="28.772" errors="0">
  <testcase name="simpleLaunch" time="28.772" classname="BasicTests.Launch"/>
</testsuite> <!-- BasicTests.Launch -->
