<?xml version="1.0" encoding="UTF-8"?>
<!-- Generated by org.testng.reporters.JUnitReportReporter -->
<testsuite skipped="0" hostname="DESKTOP-QS7GIU4" name="BasicTests.Launch" tests="1" failures="0" timestamp="02 Jan 2023 21:12:54 GMT" time="28.247" errors="0">
  <testcase name="simpleLaunch" time="28.247" classname="BasicTests.Launch"/>
</testsuite> <!-- BasicTests.Launch -->
